<?xml version="1.0" encoding="UTF-8"?>
<testng-results ignored="0" total="2" passed="2" failed="0" skipped="0">
  <reporter-output>
  </reporter-output>
  <suite started-at="2023-06-13T22:25:19 IST" name="Default suite" finished-at="2023-06-13T22:25:19 IST" duration-ms="533">
    <groups>
    </groups>
    <test started-at="2023-06-13T22:25:19 IST" name="Default test" finished-at="2023-06-13T22:25:19 IST" duration-ms="533">
      <class name="com.vw.qa.Endpoint.Test01">
        <test-method is-config="true" signature="config()[pri:0, instance:com.vw.qa.Endpoint.Test01@4dbb42b7]" started-at="2023-06-13T22:25:19 IST" name="config" finished-at="2023-06-13T22:25:19 IST" duration-ms="243" status="PASS">
          <reporter-output>
          </reporter-output>
        </test-method> <!-- config -->
        <test-method signature="m1()[pri:0, instance:com.vw.qa.Endpoint.Test01@4dbb42b7]" started-at="2023-06-13T22:25:19 IST" name="m1" finished-at="2023-06-13T22:25:19 IST" duration-ms="6" status="PASS">
          <reporter-output>
          </reporter-output>
        </test-method> <!-- m1 -->
        <test-method signature="m2()[pri:0, instance:com.vw.qa.Endpoint.Test01@4dbb42b7]" started-at="2023-06-13T22:25:19 IST" name="m2" finished-at="2023-06-13T22:25:19 IST" duration-ms="1" status="PASS">
          <reporter-output>
          </reporter-output>
        </test-method> <!-- m2 -->
        <test-method is-config="true" signature="Aftertest()[pri:0, instance:com.vw.qa.Endpoint.Test01@4dbb42b7]" started-at="2023-06-13T22:25:19 IST" name="Aftertest" finished-at="2023-06-13T22:25:19 IST" duration-ms="253" status="PASS">
          <reporter-output>
          </reporter-output>
        </test-method> <!-- Aftertest -->
      </class> <!-- com.vw.qa.Endpoint.Test01 -->
    </test> <!-- Default test -->
  </suite> <!-- Default suite -->
</testng-results>
